Compiling build :app to "target/cljsbuild/public/js/app.js" from ["src/cljs" "src/cljc" "env/dev/cljs"]...
[31mFailed to compile build :app from ["src/cljs" "src/cljc" "env/dev/cljs"] in 0.578 seconds.[0m
[36m----  Could not Analyze  src/cljs/guestbook/core.cljs  ----[0m

  [1mNo such namespace: reagent.core, could not locate reagent/core.cljs, reagent/core.cljc, or JavaScript source providing "reagent.core" [0m

[36m----  Analysis Error : Please see src/cljs/guestbook/core.cljs  ----[0m
Compiling build :app to "target/cljsbuild/public/js/app.js" from ["src/cljs" "src/cljc" "env/dev/cljs"]...
[31mFailed to compile build :app from ["src/cljs" "src/cljc" "env/dev/cljs"] in 0.56 seconds.[0m
[36m----  Could not Analyze  src/cljs/guestbook/core.cljs  ----[0m

  [1mNo such namespace: reagent.core, could not locate reagent/core.cljs, reagent/core.cljc, or JavaScript source providing "reagent.core" [0m

[36m----  Analysis Error : Please see src/cljs/guestbook/core.cljs  ----[0m
Compiling build :app to "target/cljsbuild/public/js/app.js" from ["src/cljs" "src/cljc" "env/dev/cljs"]...
[31mFailed to compile build :app from ["src/cljs" "src/cljc" "env/dev/cljs"] in 0.498 seconds.[0m
[36m----  Could not Analyze  src/cljs/guestbook/core.cljs  ----[0m

  [1mNo such namespace: reagent.core, could not locate reagent/core.cljs, reagent/core.cljc, or JavaScript source providing "reagent.core" [0m

[36m----  Analysis Error : Please see src/cljs/guestbook/core.cljs  ----[0m
Compiling build :app to "target/cljsbuild/public/js/app.js" from ["src/cljs" "src/cljc" "env/dev/cljs"]...
[31mFailed to compile build :app from ["src/cljs" "src/cljc" "env/dev/cljs"] in 0.453 seconds.[0m
[36m----  Could not Analyze  src/cljs/guestbook/core.cljs  ----[0m

  [1mNo such namespace: reagent.core, could not locate reagent/core.cljs, reagent/core.cljc, or JavaScript source providing "reagent.core" [0m

[36m----  Analysis Error : Please see src/cljs/guestbook/core.cljs  ----[0m
Compiling build :app to "target/cljsbuild/public/js/app.js" from ["src/cljs" "src/cljc" "env/dev/cljs"]...
[36m----  Compiler Warning on   env/dev/cljs/guestbook/app.cljs   line:13  column:2  ----[0m

  [1mUse of undeclared Var guestbook.core/init![0m

  [36m 9[0m  [36m(enable-console-print!)[0m
  [36m10[0m  [36m[0m
  [36m11[0m  [36m(devtools/install!)[0m
  [36m12[0m  [36m[0m
  [33m13[0m  [1m(core/init!)[0m
  [0m  [0m  [33m ^--- Use of undeclared Var guestbook.core/init![0m

[36m----  Compiler Warning : Please see env/dev/cljs/guestbook/app.cljs  ----[0m
[32mSuccessfully compiled build :app to "target/cljsbuild/public/js/app.js" in 1.038 seconds.[0m
notifying browser that file changed:  target/cljsbuild/public/js/out/goog/deps.js
notifying browser that file changed:  target/cljsbuild/public/js/out/cljs_deps.js
notifying browser that file changed:  target/cljsbuild/public/js/out/guestbook/core.js
Compiling build :app to "target/cljsbuild/public/js/app.js" from ["src/cljs" "src/cljc" "env/dev/cljs"]...
[36m----  Compiler Warning on   src/cljs/guestbook/core.cljs   line:16  column:1  ----[0m

  [1mWrong number of args (0) passed to reagent.core/render[0m

  [36m13[0m  [36m(defn home [][0m
  [36m14[0m  [36m  [:h2 "Hello, Reagent!"])[0m
  [36m15[0m  [36m[0m
  [33m16[0m  [1m(r/render) [home][0m
  [0m  [0m  [33m^--- Wrong number of args (0) passed to reagent.core/render[0m
  [36m17[0m  [36m  (.getElementById js/document "app")[0m

[36m----  Compiler Warning : Please see src/cljs/guestbook/core.cljs  ----[0m
[36m----  Compiler Warning on   env/dev/cljs/guestbook/app.cljs   line:13  column:2  ----[0m

  [1mUse of undeclared Var guestbook.core/init![0m

  [36m 9[0m  [36m(enable-console-print!)[0m
  [36m10[0m  [36m[0m
  [36m11[0m  [36m(devtools/install!)[0m
  [36m12[0m  [36m[0m
  [33m13[0m  [1m(core/init!)[0m
  [0m  [0m  [33m ^--- Use of undeclared Var guestbook.core/init![0m

[36m----  Compiler Warning : Please see env/dev/cljs/guestbook/app.cljs  ----[0m
[32mSuccessfully compiled build :app to "target/cljsbuild/public/js/app.js" in 0.791 seconds.[0m
notifying browser that file changed:  target/cljsbuild/public/js/out/guestbook/core.js
Compiling build :app to "target/cljsbuild/public/js/app.js" from ["src/cljs" "src/cljc" "env/dev/cljs"]...
[36m----  Compiler Warning on   env/dev/cljs/guestbook/app.cljs   line:13  column:2  ----[0m

  [1mUse of undeclared Var guestbook.core/init![0m

  [36m 9[0m  [36m(enable-console-print!)[0m
  [36m10[0m  [36m[0m
  [36m11[0m  [36m(devtools/install!)[0m
  [36m12[0m  [36m[0m
  [33m13[0m  [1m(core/init!)[0m
  [0m  [0m  [33m ^--- Use of undeclared Var guestbook.core/init![0m

[36m----  Compiler Warning : Please see env/dev/cljs/guestbook/app.cljs  ----[0m
[32mSuccessfully compiled build :app to "target/cljsbuild/public/js/app.js" in 0.921 seconds.[0m
notifying browser that file changed:  target/cljsbuild/public/js/out/guestbook/core.js
Compiling build :app to "target/cljsbuild/public/js/app.js" from ["src/cljs" "src/cljc" "env/dev/cljs"]...
[36m----  Compiler Warning on   env/dev/cljs/guestbook/app.cljs   line:13  column:2  ----[0m

  [1mUse of undeclared Var guestbook.core/init![0m

  [36m 9[0m  [36m(enable-console-print!)[0m
  [36m10[0m  [36m[0m
  [36m11[0m  [36m(devtools/install!)[0m
  [36m12[0m  [36m[0m
  [33m13[0m  [1m(core/init!)[0m
  [0m  [0m  [33m ^--- Use of undeclared Var guestbook.core/init![0m

[36m----  Compiler Warning : Please see env/dev/cljs/guestbook/app.cljs  ----[0m
[32mSuccessfully compiled build :app to "target/cljsbuild/public/js/app.js" in 0.889 seconds.[0m
notifying browser that file changed:  target/cljsbuild/public/js/out/guestbook/core.js
Compiling build :app to "target/cljsbuild/public/js/app.js" from ["src/cljs" "src/cljc" "env/dev/cljs"]...
[32mSuccessfully compiled build :app to "target/cljsbuild/public/js/app.js" in 0.901 seconds.[0m
notifying browser that file changed:  target/cljsbuild/public/js/out/guestbook/app.js
Compiling build :app to "target/cljsbuild/public/js/app.js" from ["src/cljs" "src/cljc" "env/dev/cljs"]...
[32mSuccessfully compiled build :app to "target/cljsbuild/public/js/app.js" in 0.87 seconds.[0m
notifying browser that file changed:  target/cljsbuild/public/js/out/guestbook/core.js
Compiling build :app to "target/cljsbuild/public/js/app.js" from ["src/cljs" "src/cljc" "env/dev/cljs"]...
[32mSuccessfully compiled build :app to "target/cljsbuild/public/js/app.js" in 0.731 seconds.[0m
notifying browser that file changed:  target/cljsbuild/public/js/out/guestbook/core.js
Compiling build :app to "target/cljsbuild/public/js/app.js" from ["src/cljs" "src/cljc" "env/dev/cljs"]...
[32mSuccessfully compiled build :app to "target/cljsbuild/public/js/app.js" in 0.797 seconds.[0m
notifying browser that file changed:  target/cljsbuild/public/js/out/guestbook/core.js
Compiling build :app to "target/cljsbuild/public/js/app.js" from ["src/cljs" "src/cljc" "env/dev/cljs"]...
[36m----  Compiler Warning on   src/cljs/guestbook/core.cljs   line:17  column:6  ----[0m

  [1mUse of undeclared Var guestbook.core/message-form[0m

  [36m13[0m  [36m(defn home [][0m
  [36m14[0m  [36m  [:h2 "Shout!"][0m
  [36m15[0m  [36m  [:div.row[0m
  [36m16[0m  [36m   [:div.span6[0m
  [33m17[0m  [1m    [message-form]]])[0m
  [0m  [0m  [33m     ^--- Use of undeclared Var guestbook.core/message-form[0m
  [36m18[0m  [36m[0m
  [36m19[0m  [36m[0m
  [36m20[0m  [36m(defn message-form [][0m
  [36m21[0m  [36m  (let [fields (atom {})][0m
  [36m22[0m  [36m    (fn [][0m

[36m----  Compiler Warning : Please see src/cljs/guestbook/core.cljs  ----[0m
[32mSuccessfully compiled build :app to "target/cljsbuild/public/js/app.js" in 0.852 seconds.[0m
notifying browser that file changed:  target/cljsbuild/public/js/out/guestbook/core.js
Compiling build :app to "target/cljsbuild/public/js/app.js" from ["src/cljs" "src/cljc" "env/dev/cljs"]...
[36m----  Compiler Warning on   src/cljs/guestbook/core.cljs   line:17  column:6  ----[0m

  [1mUse of undeclared Var guestbook.core/message-form[0m

  [36m13[0m  [36m(defn home [][0m
  [36m14[0m  [36m  [:h2 "Shout!"][0m
  [36m15[0m  [36m  [:div.row[0m
  [36m16[0m  [36m   [:div.span6[0m
  [33m17[0m  [1m    [message-form]]])[0m
  [0m  [0m  [33m     ^--- Use of undeclared Var guestbook.core/message-form[0m
  [36m18[0m  [36m[0m
  [36m19[0m  [36m[0m
  [36m20[0m  [36m(def message-form [][0m
  [36m21[0m  [36m  (let [fields (atom {})][0m
  [36m22[0m  [36m    (fn [][0m

[36m----  Compiler Warning : Please see src/cljs/guestbook/core.cljs  ----[0m
[31mFailed to compile build :app from ["src/cljs" "src/cljc" "env/dev/cljs"] in 0.495 seconds.[0m
[36m----  Could not Analyze  src/cljs/guestbook/core.cljs   line:20  column:1  ----[0m

  [1mToo many arguments to def at line 20 src/cljs/guestbook/core.cljs[0m

  [33m20[0m  [1m(def message-form [][0m
  [0m  [0m  [33m^--- Too many arguments to def at line 20 src/cljs/guestbook/core.cljs[0m
  [36m21[0m  [36m  (let [fields (atom {})][0m
  [36m22[0m  [36m    (fn [][0m
  [36m23[0m  [36m      [:div.content[0m

[36m----  Analysis Error : Please see src/cljs/guestbook/core.cljs  ----[0m
Compiling build :app to "target/cljsbuild/public/js/app.js" from ["src/cljs" "src/cljc" "env/dev/cljs"]...
[32mSuccessfully compiled build :app to "target/cljsbuild/public/js/app.js" in 0.873 seconds.[0m
notifying browser that file changed:  target/cljsbuild/public/js/out/guestbook/core.js
Compiling build :app to "target/cljsbuild/public/js/app.js" from ["src/cljs" "src/cljc" "env/dev/cljs"]...
[36m----  Compiler Warning on   src/cljs/guestbook/core.cljs   line:22  column:53  ----[0m

  [1mUse of undeclared Var guestbook.core/%[0m

  [36m18[0m  [36m        [:p "Name:"[0m
  [36m19[0m  [36m         [:input.form-control[0m
  [36m20[0m  [36m          {:type :text[0m
  [36m21[0m  [36m           :name :name[0m
  [33m22[0m  [1m           :on-change (swap! fields assoc :name (-> % .-target .-value))}]]]])))[0m
  [0m  [0m  [33m                                                    ^--- Use of undeclared Var guestbook.core/%[0m
  [36m23[0m  [36m[0m
  [36m24[0m  [36m(defn home [][0m
  [36m25[0m  [36m  [:h2 "Shout!"][0m
  [36m26[0m  [36m  [:div.row[0m
  [36m27[0m  [36m   [:div.span6[0m

[36m----  Compiler Warning : Please see src/cljs/guestbook/core.cljs  ----[0m
[32mSuccessfully compiled build :app to "target/cljsbuild/public/js/app.js" in 0.9 seconds.[0m
notifying browser that file changed:  target/cljsbuild/public/js/out/guestbook/core.js
Compiling build :app to "target/cljsbuild/public/js/app.js" from ["src/cljs" "src/cljc" "env/dev/cljs"]...
[36m----  Compiler Warning on   src/cljs/guestbook/core.cljs   line:22  column:53  ----[0m

  [1mUse of undeclared Var guestbook.core/%[0m

  [36m18[0m  [36m        [:p "Name:"[0m
  [36m19[0m  [36m         [:input.form-control[0m
  [36m20[0m  [36m          {:type :text[0m
  [36m21[0m  [36m           :name :name[0m
  [33m22[0m  [1m           :on-change (swap! fields assoc :name (-> % .-target .-value))[0m
  [0m  [0m  [33m                                                    ^--- Use of undeclared Var guestbook.core/%[0m
  [36m23[0m  [36m           :value (:name @fields)}]]]])))[0m
  [36m24[0m  [36m[0m
  [36m25[0m  [36m(defn home [][0m
  [36m26[0m  [36m  [:h2 "Shout!"][0m
  [36m27[0m  [36m  [:div.row[0m

[36m----  Compiler Warning : Please see src/cljs/guestbook/core.cljs  ----[0m
[32mSuccessfully compiled build :app to "target/cljsbuild/public/js/app.js" in 0.76 seconds.[0m
notifying browser that file changed:  target/cljsbuild/public/js/out/guestbook/core.js
Compiling build :app to "target/cljsbuild/public/js/app.js" from ["src/cljs" "src/cljc" "env/dev/cljs"]...
[36m----  Compiler Warning on   src/cljs/guestbook/core.cljs   line:22  column:53  ----[0m

  [1mUse of undeclared Var guestbook.core/%[0m

  [36m18[0m  [36m        [:p "Name:"[0m
  [36m19[0m  [36m         [:input.form-control[0m
  [36m20[0m  [36m          {:type :text[0m
  [36m21[0m  [36m           :name :name[0m
  [33m22[0m  [1m           :on-change (swap! fields assoc :name (-> % .-target .-value))[0m
  [0m  [0m  [33m                                                    ^--- Use of undeclared Var guestbook.core/%[0m
  [36m23[0m  [36m           :value (:name @fields)}]][0m
  [36m24[0m  [36m        [:p "Message:"]]])))[0m
  [36m25[0m  [36m[0m
  [36m26[0m  [36m(defn home [][0m
  [36m27[0m  [36m  [:h2 "Shout!"][0m

[36m----  Compiler Warning : Please see src/cljs/guestbook/core.cljs  ----[0m
[32mSuccessfully compiled build :app to "target/cljsbuild/public/js/app.js" in 0.774 seconds.[0m
notifying browser that file changed:  target/cljsbuild/public/js/out/guestbook/core.js
Compiling build :app to "target/cljsbuild/public/js/app.js" from ["src/cljs" "src/cljc" "env/dev/cljs"]...
[31mFailed to compile build :app from ["src/cljs" "src/cljc" "env/dev/cljs"] in 0.47 seconds.[0m
[36m----  Could not Read  src/cljs/guestbook/core.cljs   line:30 ----[0m

  [1m/Users/felbirth/Development/Clojure/guestbook/src/cljs/guestbook/core.cljs [line 30, col 23] The map literal starting with :rows on line 26 column 11 contains 9 form(s). Map literals must contain an even number of forms.[0m

  [36m28[0m  [36m           :name :message[0m
  [36m29[0m  [36m           :value (:message @fields)[0m
  [33m30[0m  [1m           :on-change}]]]])))[0m
  [0m  [0m  [33m           /Users/felbirth/Development/Clojure/guestbook/src/cljs/guestbook/core.cljs [line 30, col 23] The map literal starting with :rows on line 26 column 11 contains 9 form(s). Map literals must contain an even number of forms.[0m
  [36m31[0m  [36m[0m
  [36m32[0m  [36m(defn home [][0m
  [36m33[0m  [36m  [:h2 "Shout!"][0m

[36m----  Reader Error : Please see src/cljs/guestbook/core.cljs  ----[0m
Compiling build :app to "target/cljsbuild/public/js/app.js" from ["src/cljs" "src/cljc" "env/dev/cljs"]...
[32mSuccessfully compiled build :app to "target/cljsbuild/public/js/app.js" in 0.714 seconds.[0m
notifying browser that file changed:  target/cljsbuild/public/js/out/guestbook/core.js
Compiling build :app to "target/cljsbuild/public/js/app.js" from ["src/cljs" "src/cljc" "env/dev/cljs"]...
[32mSuccessfully compiled build :app to "target/cljsbuild/public/js/app.js" in 0.734 seconds.[0m
notifying browser that file changed:  target/cljsbuild/public/js/out/guestbook/core.js
Notifying browser that CSS file changed: resources/public/css/screen.css
Notifying browser that CSS file changed: resources/public/css/screen.css
Compiling build :app to "target/cljsbuild/public/js/app.js" from ["src/cljs" "src/cljc" "env/dev/cljs"]...
[32mSuccessfully compiled build :app to "target/cljsbuild/public/js/app.js" in 0.875 seconds.[0m
notifying browser that file changed:  target/cljsbuild/public/js/out/guestbook/core.js
Compiling build :app to "target/cljsbuild/public/js/app.js" from ["src/cljs" "src/cljc" "env/dev/cljs"]...
[31mFailed to compile build :app from ["src/cljs" "src/cljc" "env/dev/cljs"] in 0.491 seconds.[0m
[36m----  Could not Analyze  src/cljs/guestbook/core.cljs  ----[0m

  [1mNo such namespace: ajax.core, could not locate ajax/core.cljs, ajax/core.cljc, or JavaScript source providing "ajax.core" [0m

[36m----  Analysis Error : Please see src/cljs/guestbook/core.cljs  ----[0m
Compiling build :app to "target/cljsbuild/public/js/app.js" from ["src/cljs" "src/cljc" "env/dev/cljs"]...
[32mSuccessfully compiled build :app to "target/cljsbuild/public/js/app.js" in 1.098 seconds.[0m
notifying browser that file changed:  target/cljsbuild/public/js/out/goog/deps.js
notifying browser that file changed:  target/cljsbuild/public/js/out/cljs_deps.js
notifying browser that file changed:  target/cljsbuild/public/js/out/guestbook/core.js
Compiling build :app to "target/cljsbuild/public/js/app.js" from ["src/cljs" "src/cljc" "env/dev/cljs"]...
[32mSuccessfully compiled build :app to "target/cljsbuild/public/js/app.js" in 0.991 seconds.[0m
notifying browser that file changed:  target/cljsbuild/public/js/out/guestbook/core.js
Compiling build :app to "target/cljsbuild/public/js/app.js" from ["src/cljs" "src/cljc" "env/dev/cljs"]...
[32mSuccessfully compiled build :app to "target/cljsbuild/public/js/app.js" in 1.097 seconds.[0m
notifying browser that file changed:  target/cljsbuild/public/js/out/guestbook/core.js
Compiling build :app to "target/cljsbuild/public/js/app.js" from ["src/cljs" "src/cljc" "env/dev/cljs"]...
[32mSuccessfully compiled build :app to "target/cljsbuild/public/js/app.js" in 1.025 seconds.[0m
notifying browser that file changed:  target/cljsbuild/public/js/out/guestbook/core.js
Compiling build :app to "target/cljsbuild/public/js/app.js" from ["src/cljs" "src/cljc" "env/dev/cljs"]...
[32mSuccessfully compiled build :app to "target/cljsbuild/public/js/app.js" in 0.921 seconds.[0m
notifying browser that file changed:  target/cljsbuild/public/js/out/guestbook/core.js
Compiling build :app to "target/cljsbuild/public/js/app.js" from ["src/cljs" "src/cljc" "env/dev/cljs"]...
[32mSuccessfully compiled build :app to "target/cljsbuild/public/js/app.js" in 0.94 seconds.[0m
notifying browser that file changed:  target/cljsbuild/public/js/out/guestbook/core.js
Compiling build :app to "target/cljsbuild/public/js/app.js" from ["src/cljs" "src/cljc" "env/dev/cljs"]...
[32mSuccessfully compiled build :app to "target/cljsbuild/public/js/app.js" in 0.98 seconds.[0m
notifying browser that file changed:  target/cljsbuild/public/js/out/guestbook/core.js
Compiling build :app to "target/cljsbuild/public/js/app.js" from ["src/cljs" "src/cljc" "env/dev/cljs"]...
[32mSuccessfully compiled build :app to "target/cljsbuild/public/js/app.js" in 2.063 seconds.[0m
notifying browser that file changed:  target/cljsbuild/public/js/out/guestbook/core.js
Compiling build :app to "target/cljsbuild/public/js/app.js" from ["src/cljs" "src/cljc" "env/dev/cljs"]...
[32mSuccessfully compiled build :app to "target/cljsbuild/public/js/app.js" in 1.164 seconds.[0m
notifying browser that file changed:  target/cljsbuild/public/js/out/guestbook/core.js
Compiling build :app to "target/cljsbuild/public/js/app.js" from ["src/cljs" "src/cljc" "env/dev/cljs"]...
[36m----  Compiler Warning on   src/cljs/guestbook/core.cljs   line:19  column:9  ----[0m

  [1mUse of undeclared Var guestbook.core/errors-component[0m

  [36m15[0m  [36m(let [fields (atom {})[0m
  [36m16[0m  [36m      errors (atom nil)][0m
  [36m17[0m  [36m  (fn [][0m
  [36m18[0m  [36m    [:div.content[0m
  [33m19[0m  [1m     [errors-component errors :server-error][0m
  [0m  [0m  [33m      ^--- Use of undeclared Var guestbook.core/errors-component[0m
  [36m20[0m  [36m     [:div.form-group[0m
  [36m21[0m  [36m      [:p "Name:"[0m
  [36m22[0m  [36m       [:input.form-control[0m
  [36m23[0m  [36m        {:type :text[0m
  [36m24[0m  [36m         :name :name[0m

[36m----  Compiler Warning : Please see src/cljs/guestbook/core.cljs  ----[0m
[36m----  Compiler Warning on   src/cljs/guestbook/core.cljs   line:27  column:10  ----[0m

  [1mUse of undeclared Var guestbook.core/errors-component[0m

  [36m23[0m  [36m  {:type :text[0m
  [36m24[0m  [36m   :name :name[0m
  [36m25[0m  [36m   :on-change #(swap! fields assoc :name (-> % .-target .-value))[0m
  [36m26[0m  [36m   :value (:name @fields)}]][0m
  [33m27[0m  [1m[errors-component errors :message][0m
  [0m  [0m  [33m ^--- Use of undeclared Var guestbook.core/errors-component[0m
  [36m28[0m  [36m[:p "Message:"[0m
  [36m29[0m  [36m [:textarea.form-control[0m
  [36m30[0m  [36m  {:rows 4[0m
  [36m31[0m  [36m   :cols 80[0m
  [36m32[0m  [36m   :name :message[0m

[36m----  Compiler Warning : Please see src/cljs/guestbook/core.cljs  ----[0m
[32mSuccessfully compiled build :app to "target/cljsbuild/public/js/app.js" in 1.105 seconds.[0m
notifying browser that file changed:  target/cljsbuild/public/js/out/guestbook/core.js
Compiling build :app to "target/cljsbuild/public/js/app.js" from ["src/cljs" "src/cljc" "env/dev/cljs"]...
[36m----  Compiler Warning on   src/cljs/guestbook/core.cljs   line:19  column:9  ----[0m

  [1mUse of undeclared Var guestbook.core/errors-component[0m

  [36m15[0m  [36m(let [fields (atom {})[0m
  [36m16[0m  [36m      errors (atom nil)][0m
  [36m17[0m  [36m  (fn [][0m
  [36m18[0m  [36m    [:div.content[0m
  [33m19[0m  [1m     [errors-component errors :server-error][0m
  [0m  [0m  [33m      ^--- Use of undeclared Var guestbook.core/errors-component[0m
  [36m20[0m  [36m     [:div.form-group[0m
  [36m21[0m  [36m      [errors-component errors :name][0m
  [36m22[0m  [36m      [:p "Name:"[0m
  [36m23[0m  [36m       [:input.form-control[0m
  [36m24[0m  [36m        {:type :text[0m

[36m----  Compiler Warning : Please see src/cljs/guestbook/core.cljs  ----[0m
[36m----  Compiler Warning on   src/cljs/guestbook/core.cljs   line:21  column:10  ----[0m

  [1mUse of undeclared Var guestbook.core/errors-component[0m

  [36m17[0m  [36m(fn [][0m
  [36m18[0m  [36m  [:div.content[0m
  [36m19[0m  [36m   [errors-component errors :server-error][0m
  [36m20[0m  [36m   [:div.form-group[0m
  [33m21[0m  [1m    [errors-component errors :name][0m
  [0m  [0m  [33m     ^--- Use of undeclared Var guestbook.core/errors-component[0m
  [36m22[0m  [36m    [:p "Name:"[0m
  [36m23[0m  [36m     [:input.form-control[0m
  [36m24[0m  [36m      {:type :text[0m
  [36m25[0m  [36m       :name :name[0m
  [36m26[0m  [36m       :on-change #(swap! fields assoc :name (-> % .-target .-value))[0m

[36m----  Compiler Warning : Please see src/cljs/guestbook/core.cljs  ----[0m
[36m----  Compiler Warning on   src/cljs/guestbook/core.cljs   line:28  column:10  ----[0m

  [1mUse of undeclared Var guestbook.core/errors-component[0m

  [36m24[0m  [36m  {:type :text[0m
  [36m25[0m  [36m   :name :name[0m
  [36m26[0m  [36m   :on-change #(swap! fields assoc :name (-> % .-target .-value))[0m
  [36m27[0m  [36m   :value (:name @fields)}]][0m
  [33m28[0m  [1m[errors-component errors :message][0m
  [0m  [0m  [33m ^--- Use of undeclared Var guestbook.core/errors-component[0m
  [36m29[0m  [36m[:p "Message:"[0m
  [36m30[0m  [36m [:textarea.form-control[0m
  [36m31[0m  [36m  {:rows 4[0m
  [36m32[0m  [36m   :cols 80[0m
  [36m33[0m  [36m   :name :message[0m

[36m----  Compiler Warning : Please see src/cljs/guestbook/core.cljs  ----[0m
[32mSuccessfully compiled build :app to "target/cljsbuild/public/js/app.js" in 1.129 seconds.[0m
notifying browser that file changed:  target/cljsbuild/public/js/out/guestbook/core.js
Compiling build :app to "target/cljsbuild/public/js/app.js" from ["src/cljs" "src/cljc" "env/dev/cljs"]...
[36m----  Compiler Warning on   src/cljs/guestbook/core.cljs   line:23  column:9  ----[0m

  [1mUse of undeclared Var guestbook.core/errors-component[0m

  [36m19[0m  [36m(let [fields (atom {})[0m
  [36m20[0m  [36m      errors (atom nil)][0m
  [36m21[0m  [36m  (fn [][0m
  [36m22[0m  [36m    [:div.content[0m
  [33m23[0m  [1m     [errors-component errors :server-error][0m
  [0m  [0m  [33m      ^--- Use of undeclared Var guestbook.core/errors-component[0m
  [36m24[0m  [36m     [:div.form-group[0m
  [36m25[0m  [36m      [errors-component errors :name][0m
  [36m26[0m  [36m      [:p "Name:"[0m
  [36m27[0m  [36m       [:input.form-control[0m
  [36m28[0m  [36m        {:type :text[0m

[36m----  Compiler Warning : Please see src/cljs/guestbook/core.cljs  ----[0m
[36m----  Compiler Warning on   src/cljs/guestbook/core.cljs   line:25  column:10  ----[0m

  [1mUse of undeclared Var guestbook.core/errors-component[0m

  [36m21[0m  [36m(fn [][0m
  [36m22[0m  [36m  [:div.content[0m
  [36m23[0m  [36m   [errors-component errors :server-error][0m
  [36m24[0m  [36m   [:div.form-group[0m
  [33m25[0m  [1m    [errors-component errors :name][0m
  [0m  [0m  [33m     ^--- Use of undeclared Var guestbook.core/errors-component[0m
  [36m26[0m  [36m    [:p "Name:"[0m
  [36m27[0m  [36m     [:input.form-control[0m
  [36m28[0m  [36m      {:type :text[0m
  [36m29[0m  [36m       :name :name[0m
  [36m30[0m  [36m       :on-change #(swap! fields assoc :name (-> % .-target .-value))[0m

[36m----  Compiler Warning : Please see src/cljs/guestbook/core.cljs  ----[0m
[36m----  Compiler Warning on   src/cljs/guestbook/core.cljs   line:32  column:10  ----[0m

  [1mUse of undeclared Var guestbook.core/errors-component[0m

  [36m28[0m  [36m  {:type :text[0m
  [36m29[0m  [36m   :name :name[0m
  [36m30[0m  [36m   :on-change #(swap! fields assoc :name (-> % .-target .-value))[0m
  [36m31[0m  [36m   :value (:name @fields)}]][0m
  [33m32[0m  [1m[errors-component errors :message][0m
  [0m  [0m  [33m ^--- Use of undeclared Var guestbook.core/errors-component[0m
  [36m33[0m  [36m[:p "Message:"[0m
  [36m34[0m  [36m [:textarea.form-control[0m
  [36m35[0m  [36m  {:rows 4[0m
  [36m36[0m  [36m   :cols 80[0m
  [36m37[0m  [36m   :name :message[0m

[36m----  Compiler Warning : Please see src/cljs/guestbook/core.cljs  ----[0m
[36m----  Compiler Warning on   src/cljs/guestbook/core.cljs   line:42  column:22  ----[0m

  [1mWrong number of args (1) passed to guestbook.core/send-message![0m

  [36m38[0m  [36m           :value (:message @fields)[0m
  [36m39[0m  [36m           :on-change #(swap! fields assoc :message (-> % .-target .-value))}]][0m
  [36m40[0m  [36m        [:input.btn.btn-primary[0m
  [36m41[0m  [36m         {:type :submit[0m
  [33m42[0m  [1m          :on-click #(send-message! fields)[0m
  [0m  [0m  [33m                     ^--- Wrong number of args (1) passed to guestbook.core/send-message![0m
  [36m43[0m  [36m          :value "Comment"}]]])))[0m
  [36m44[0m  [36m[0m
  [36m45[0m  [36m(defn home [][0m
  [36m46[0m  [36m  [:h2 "Shout!"][0m
  [36m47[0m  [36m  [:div.row[0m

[36m----  Compiler Warning : Please see src/cljs/guestbook/core.cljs  ----[0m
[32mSuccessfully compiled build :app to "target/cljsbuild/public/js/app.js" in 1.077 seconds.[0m
notifying browser that file changed:  target/cljsbuild/public/js/out/guestbook/core.js
Compiling build :app to "target/cljsbuild/public/js/app.js" from ["src/cljs" "src/cljc" "env/dev/cljs"]...
[36m----  Compiler Warning on   src/cljs/guestbook/core.cljs   line:45  column:22  ----[0m

  [1mWrong number of args (1) passed to guestbook.core/send-message![0m

  [36m41[0m  [36m           :value (:message @fields)[0m
  [36m42[0m  [36m           :on-change #(swap! fields assoc :message (-> % .-target .-value))}]][0m
  [36m43[0m  [36m        [:input.btn.btn-primary[0m
  [36m44[0m  [36m         {:type :submit[0m
  [33m45[0m  [1m          :on-click #(send-message! fields)[0m
  [0m  [0m  [33m                     ^--- Wrong number of args (1) passed to guestbook.core/send-message![0m
  [36m46[0m  [36m          :value "Comment"}]]])))[0m
  [36m47[0m  [36m[0m
  [36m48[0m  [36m(defn home [][0m
  [36m49[0m  [36m  [:h2 "Shout!"][0m
  [36m50[0m  [36m  [:div.row[0m

[36m----  Compiler Warning : Please see src/cljs/guestbook/core.cljs  ----[0m
[32mSuccessfully compiled build :app to "target/cljsbuild/public/js/app.js" in 1.025 seconds.[0m
notifying browser that file changed:  target/cljsbuild/public/js/out/guestbook/core.js
Compiling build :app to "target/cljsbuild/public/js/app.js" from ["src/cljs" "src/cljc" "env/dev/cljs"]...
[32mSuccessfully compiled build :app to "target/cljsbuild/public/js/app.js" in 0.804 seconds.[0m
notifying browser that file changed:  target/cljsbuild/public/js/out/guestbook/core.js
Compiling build :app to "target/cljsbuild/public/js/app.js" from ["src/cljs" "src/cljc" "env/dev/cljs"]...
[36m----  Compiler Warning on   src/cljs/guestbook/core.cljs   line:45  column:22  ----[0m

  [1mWrong number of args (1) passed to guestbook.core/send-message![0m

  [36m41[0m  [36m           :value (:message @fields)[0m
  [36m42[0m  [36m           :on-change #(swap! fields assoc :message (-> % .-target .-value))}]][0m
  [36m43[0m  [36m        [:input.btn.btn-primary[0m
  [36m44[0m  [36m         {:type :submit[0m
  [33m45[0m  [1m          :on-click #(send-message! fields)[0m
  [0m  [0m  [33m                     ^--- Wrong number of args (1) passed to guestbook.core/send-message![0m
  [36m46[0m  [36m          :value "Comment"}]]])))[0m
  [36m47[0m  [36m[0m
  [36m48[0m  [36m(defn home [][0m
  [36m49[0m  [36m  [:h2 "Shout!"][0m
  [36m50[0m  [36m  [:div.row[0m

[36m----  Compiler Warning : Please see src/cljs/guestbook/core.cljs  ----[0m
[32mSuccessfully compiled build :app to "target/cljsbuild/public/js/app.js" in 0.896 seconds.[0m
notifying browser that file changed:  target/cljsbuild/public/js/out/guestbook/core.js
Compiling build :app to "target/cljsbuild/public/js/app.js" from ["src/cljs" "src/cljc" "env/dev/cljs"]...
[32mSuccessfully compiled build :app to "target/cljsbuild/public/js/app.js" in 0.804 seconds.[0m
notifying browser that file changed:  target/cljsbuild/public/js/out/guestbook/core.js
Compiling build :app to "target/cljsbuild/public/js/app.js" from ["src/cljs" "src/cljc" "env/dev/cljs"]...
[32mSuccessfully compiled build :app to "target/cljsbuild/public/js/app.js" in 0.986 seconds.[0m
notifying browser that file changed:  target/cljsbuild/public/js/out/guestbook/core.js
Compiling build :app to "target/cljsbuild/public/js/app.js" from ["src/cljs" "src/cljc" "env/dev/cljs"]...
[32mSuccessfully compiled build :app to "target/cljsbuild/public/js/app.js" in 1.902 seconds.[0m
notifying browser that file changed:  target/cljsbuild/public/js/out/guestbook/core.js
Compiling build :app to "target/cljsbuild/public/js/app.js" from ["src/cljs" "src/cljc" "env/dev/cljs"]...
[32mSuccessfully compiled build :app to "target/cljsbuild/public/js/app.js" in 1.009 seconds.[0m
notifying browser that file changed:  target/cljsbuild/public/js/out/guestbook/core.js
Compiling build :app to "target/cljsbuild/public/js/app.js" from ["src/cljs" "src/cljc" "env/dev/cljs"]...
[32mSuccessfully compiled build :app to "target/cljsbuild/public/js/app.js" in 0.979 seconds.[0m
notifying browser that file changed:  target/cljsbuild/public/js/out/guestbook/core.js
Compiling build :app to "target/cljsbuild/public/js/app.js" from ["src/cljs" "src/cljc" "env/dev/cljs"]...
[32mSuccessfully compiled build :app to "target/cljsbuild/public/js/app.js" in 0.841 seconds.[0m
notifying browser that file changed:  target/cljsbuild/public/js/out/guestbook/core.js
Compiling build :app to "target/cljsbuild/public/js/app.js" from ["src/cljs" "src/cljc" "env/dev/cljs"]...
[32mSuccessfully compiled build :app to "target/cljsbuild/public/js/app.js" in 0.986 seconds.[0m
notifying browser that file changed:  target/cljsbuild/public/js/out/guestbook/core.js
Compiling build :app to "target/cljsbuild/public/js/app.js" from ["src/cljs" "src/cljc" "env/dev/cljs"]...
[32mSuccessfully compiled build :app to "target/cljsbuild/public/js/app.js" in 0.808 seconds.[0m
notifying browser that file changed:  target/cljsbuild/public/js/out/guestbook/core.js
Compiling build :app to "target/cljsbuild/public/js/app.js" from ["src/cljs" "src/cljc" "env/dev/cljs"]...
[32mSuccessfully compiled build :app to "target/cljsbuild/public/js/app.js" in 0.815 seconds.[0m
notifying browser that file changed:  target/cljsbuild/public/js/out/guestbook/core.js
Compiling build :app to "target/cljsbuild/public/js/app.js" from ["src/cljs" "src/cljc" "env/dev/cljs"]...
[32mSuccessfully compiled build :app to "target/cljsbuild/public/js/app.js" in 0.943 seconds.[0m
notifying browser that file changed:  target/cljsbuild/public/js/out/guestbook/core.js
Compiling build :app to "target/cljsbuild/public/js/app.js" from ["src/cljs" "src/cljc" "env/dev/cljs"]...
[32mSuccessfully compiled build :app to "target/cljsbuild/public/js/app.js" in 0.813 seconds.[0m
notifying browser that file changed:  target/cljsbuild/public/js/out/guestbook/core.js
Compiling build :app to "target/cljsbuild/public/js/app.js" from ["src/cljs" "src/cljc" "env/dev/cljs"]...
[32mSuccessfully compiled build :app to "target/cljsbuild/public/js/app.js" in 0.763 seconds.[0m
notifying browser that file changed:  target/cljsbuild/public/js/out/guestbook/core.js
Compiling build :app to "target/cljsbuild/public/js/app.js" from ["src/cljs" "src/cljc" "env/dev/cljs"]...
[32mSuccessfully compiled build :app to "target/cljsbuild/public/js/app.js" in 0.796 seconds.[0m
notifying browser that file changed:  target/cljsbuild/public/js/out/guestbook/core.js
Compiling build :app to "target/cljsbuild/public/js/app.js" from ["src/cljs" "src/cljc" "env/dev/cljs"]...
[32mSuccessfully compiled build :app to "target/cljsbuild/public/js/app.js" in 0.793 seconds.[0m
notifying browser that file changed:  target/cljsbuild/public/js/out/guestbook/core.js
Compiling build :app to "target/cljsbuild/public/js/app.js" from ["src/cljs" "src/cljc" "env/dev/cljs"]...
[32mSuccessfully compiled build :app to "target/cljsbuild/public/js/app.js" in 0.807 seconds.[0m
notifying browser that file changed:  target/cljsbuild/public/js/out/guestbook/core.js
Compiling build :app to "target/cljsbuild/public/js/app.js" from ["src/cljs" "src/cljc" "env/dev/cljs"]...
[32mSuccessfully compiled build :app to "target/cljsbuild/public/js/app.js" in 0.802 seconds.[0m
notifying browser that file changed:  target/cljsbuild/public/js/out/guestbook/core.js
Compiling build :app to "target/cljsbuild/public/js/app.js" from ["src/cljs" "src/cljc" "env/dev/cljs"]...
[32mSuccessfully compiled build :app to "target/cljsbuild/public/js/app.js" in 0.8 seconds.[0m
notifying browser that file changed:  target/cljsbuild/public/js/out/guestbook/core.js
Compiling build :app to "target/cljsbuild/public/js/app.js" from ["src/cljs" "src/cljc" "env/dev/cljs"]...
[32mSuccessfully compiled build :app to "target/cljsbuild/public/js/app.js" in 0.788 seconds.[0m
notifying browser that file changed:  target/cljsbuild/public/js/out/guestbook/core.js
Compiling build :app to "target/cljsbuild/public/js/app.js" from ["src/cljs" "src/cljc" "env/dev/cljs"]...
[32mSuccessfully compiled build :app to "target/cljsbuild/public/js/app.js" in 0.785 seconds.[0m
notifying browser that file changed:  target/cljsbuild/public/js/out/guestbook/core.js
Compiling build :app to "target/cljsbuild/public/js/app.js" from ["src/cljs" "src/cljc" "env/dev/cljs"]...
[32mSuccessfully compiled build :app to "target/cljsbuild/public/js/app.js" in 0.952 seconds.[0m
notifying browser that file changed:  target/cljsbuild/public/js/out/guestbook/core.js
Compiling build :app to "target/cljsbuild/public/js/app.js" from ["src/cljs" "src/cljc" "env/dev/cljs"]...
[32mSuccessfully compiled build :app to "target/cljsbuild/public/js/app.js" in 0.965 seconds.[0m
notifying browser that file changed:  target/cljsbuild/public/js/out/guestbook/core.js
Notifying browser that CSS file changed: resources/public/css/screen.css
Compiling build :app to "target/cljsbuild/public/js/app.js" from ["src/cljs" "src/cljc" "env/dev/cljs"]...
[32mSuccessfully compiled build :app to "target/cljsbuild/public/js/app.js" in 0.962 seconds.[0m
notifying browser that file changed:  target/cljsbuild/public/js/out/guestbook/core.js
Compiling build :app to "target/cljsbuild/public/js/app.js" from ["src/cljs" "src/cljc" "env/dev/cljs"]...
[32mSuccessfully compiled build :app to "target/cljsbuild/public/js/app.js" in 0.957 seconds.[0m
notifying browser that file changed:  target/cljsbuild/public/js/out/guestbook/core.js
Compiling build :app to "target/cljsbuild/public/js/app.js" from ["src/cljs" "src/cljc" "env/dev/cljs"]...
[36m----  Compiler Warning on   src/cljs/guestbook/core.cljs   line:50  column:22  ----[0m

  [1mWrong number of args (2) passed to guestbook.core/send-message![0m

  [36m46[0m  [36m           :on-change #(swap! fields assoc :message (-> % .-target .-value))}][0m
  [36m47[0m  [36m         [errors-component errors :message]][0m
  [36m48[0m  [36m        [:input.btn.btn-primary[0m
  [36m49[0m  [36m         {:type :submit[0m
  [33m50[0m  [1m          :on-click #(send-message! fields errors)[0m
  [0m  [0m  [33m                     ^--- Wrong number of args (2) passed to guestbook.core/send-message![0m
  [36m51[0m  [36m          :value "Comment"}]]])))[0m
  [36m52[0m  [36m[0m
  [36m53[0m  [36m(defn message-list [messages][0m
  [36m54[0m  [36m  [:ul.content[0m
  [36m55[0m  [36m   (for [{:keys [timestamp message name]} @messages][0m

[36m----  Compiler Warning : Please see src/cljs/guestbook/core.cljs  ----[0m
[32mSuccessfully compiled build :app to "target/cljsbuild/public/js/app.js" in 1.004 seconds.[0m
notifying browser that file changed:  target/cljsbuild/public/js/out/guestbook/core.js
Compiling build :app to "target/cljsbuild/public/js/app.js" from ["src/cljs" "src/cljc" "env/dev/cljs"]...
[32mSuccessfully compiled build :app to "target/cljsbuild/public/js/app.js" in 0.814 seconds.[0m
notifying browser that file changed:  target/cljsbuild/public/js/out/guestbook/core.js
Compiling build :app to "target/cljsbuild/public/js/app.js" from ["src/cljs" "src/cljc" "env/dev/cljs"]...
[32mSuccessfully compiled build :app to "target/cljsbuild/public/js/app.js" in 0.792 seconds.[0m
notifying browser that file changed:  target/cljsbuild/public/js/out/guestbook/core.js
Compiling build :app to "target/cljsbuild/public/js/app.js" from ["src/cljs" "src/cljc" "env/dev/cljs"]...
[31mFailed to compile build :app from ["src/cljs" "src/cljc" "env/dev/cljs"] in 0.86 seconds.[0m
[36m----  Could not Read  src/cljs/guestbook/core.cljs   line:37  column:25  ----[0m

  [1mNested #()s are not allowed[0m

  [36m35[0m  [36m {:type :text[0m
  [36m36[0m  [36m  :name :name[0m
  [33m37[0m  [1m  :on-change #(swap! fields assoc :name (-> % .-target .-value))[0m
  [0m  [0m  [33m               ^--- Nested #()s are not allowed[0m
  [36m38[0m  [36m  :value (:name @fields)}][0m
  [36m39[0m  [36m[errors-component errors :name]][0m

[36m----  Reader Error : Please see src/cljs/guestbook/core.cljs  ----[0m
Compiling build :app to "target/cljsbuild/public/js/app.js" from ["src/cljs" "src/cljc" "env/dev/cljs"]...
[32mSuccessfully compiled build :app to "target/cljsbuild/public/js/app.js" in 0.966 seconds.[0m
notifying browser that file changed:  target/cljsbuild/public/js/out/guestbook/core.js
Compiling build :app to "target/cljsbuild/public/js/app.js" from ["src/cljs" "src/cljc" "env/dev/cljs"]...
[36m----  Compiler Warning on   src/cljs/guestbook/core.cljs   line:32  column:25  ----[0m

  [1mUse of undeclared Var guestbook.core/fields[0m

  [36m28[0m  [36m  [:p (str (clojure.string/capitalize elem-name) ":")[0m
  [36m29[0m  [36m   [:input.form-control[0m
  [36m30[0m  [36m    {:type :text[0m
  [36m31[0m  [36m     :name (keyword elem-name)[0m
  [33m32[0m  [1m     :on-change #(swap! fields assoc (keyword elem-name) (-> % .-target .-value))[0m
  [0m  [0m  [33m                        ^--- Use of undeclared Var guestbook.core/fields[0m
  [36m33[0m  [36m     :value ((keyword elem-name) @fields)}][0m
  [36m34[0m  [36m   [errors-component errors (keyword elem-name)]])[0m
  [36m35[0m  [36m[0m
  [36m36[0m  [36m(defn message-form [messages][0m
  [36m37[0m  [36m  (let [fields (atom {})[0m

[36m----  Compiler Warning : Please see src/cljs/guestbook/core.cljs  ----[0m
[36m----  Compiler Warning on   src/cljs/guestbook/core.cljs   line:33  column:35  ----[0m

  [1mUse of undeclared Var guestbook.core/fields[0m

  [36m29[0m  [36m   [:input.form-control[0m
  [36m30[0m  [36m    {:type :text[0m
  [36m31[0m  [36m     :name (keyword elem-name)[0m
  [36m32[0m  [36m     :on-change #(swap! fields assoc (keyword elem-name) (-> % .-target .-value))[0m
  [33m33[0m  [1m     :value ((keyword elem-name) @fields)}][0m
  [0m  [0m  [33m                                  ^--- Use of undeclared Var guestbook.core/fields[0m
  [36m34[0m  [36m   [errors-component errors (keyword elem-name)]])[0m
  [36m35[0m  [36m[0m
  [36m36[0m  [36m(defn message-form [messages][0m
  [36m37[0m  [36m  (let [fields (atom {})[0m
  [36m38[0m  [36m        errors (atom nil)][0m

[36m----  Compiler Warning : Please see src/cljs/guestbook/core.cljs  ----[0m
[36m----  Compiler Warning on   src/cljs/guestbook/core.cljs   line:34  column:22  ----[0m

  [1mUse of undeclared Var guestbook.core/errors[0m

  [36m30[0m  [36m    {:type :text[0m
  [36m31[0m  [36m     :name (keyword elem-name)[0m
  [36m32[0m  [36m     :on-change #(swap! fields assoc (keyword elem-name) (-> % .-target .-value))[0m
  [36m33[0m  [36m     :value ((keyword elem-name) @fields)}][0m
  [33m34[0m  [1m   [errors-component errors (keyword elem-name)]])[0m
  [0m  [0m  [33m                     ^--- Use of undeclared Var guestbook.core/errors[0m
  [36m35[0m  [36m[0m
  [36m36[0m  [36m(defn message-form [messages][0m
  [36m37[0m  [36m  (let [fields (atom {})[0m
  [36m38[0m  [36m        errors (atom nil)][0m
  [36m39[0m  [36m    (fn [][0m

[36m----  Compiler Warning : Please see src/cljs/guestbook/core.cljs  ----[0m
[32mSuccessfully compiled build :app to "target/cljsbuild/public/js/app.js" in 2.238 seconds.[0m
notifying browser that file changed:  target/cljsbuild/public/js/out/goog/deps.js
notifying browser that file changed:  target/cljsbuild/public/js/out/cljs_deps.js
notifying browser that file changed:  target/cljsbuild/public/js/out/guestbook/core.js
Compiling build :app to "target/cljsbuild/public/js/app.js" from ["src/cljs" "src/cljc" "env/dev/cljs"]...
[32mSuccessfully compiled build :app to "target/cljsbuild/public/js/app.js" in 1.205 seconds.[0m
notifying browser that file changed:  target/cljsbuild/public/js/out/guestbook/core.js
Compiling build :app to "target/cljsbuild/public/js/app.js" from ["src/cljs" "src/cljc" "env/dev/cljs"]...
[32mSuccessfully compiled build :app to "target/cljsbuild/public/js/app.js" in 1.14 seconds.[0m
notifying browser that file changed:  target/cljsbuild/public/js/out/guestbook/core.js
Compiling build :app to "target/cljsbuild/public/js/app.js" from ["src/cljs" "src/cljc" "env/dev/cljs"]...
[36m----  Compiler Warning on   src/cljs/guestbook/core.cljs   line:44  column:9  ----[0m

  [1mWrong number of args (3) passed to guestbook.core/form-element[0m

  [36m40[0m  [36m      [:div.content[0m
  [36m41[0m  [36m       [errors-component errors :server-error][0m
  [36m42[0m  [36m       [:div.form-group[0m
  [36m43[0m  [36m[0m
  [33m44[0m  [1m        (form-element "name" fields errors)[0m
  [0m  [0m  [33m        ^--- Wrong number of args (3) passed to guestbook.core/form-element[0m
  [36m45[0m  [36m[0m
  [36m46[0m  [36m        [:p "Message:"[0m
  [36m47[0m  [36m         [:textarea.form-control[0m
  [36m48[0m  [36m          {:rows 4[0m
  [36m49[0m  [36m           :cols 80[0m

[36m----  Compiler Warning : Please see src/cljs/guestbook/core.cljs  ----[0m
[32mSuccessfully compiled build :app to "target/cljsbuild/public/js/app.js" in 1.194 seconds.[0m
notifying browser that file changed:  target/cljsbuild/public/js/out/guestbook/core.js
Compiling build :app to "target/cljsbuild/public/js/app.js" from ["src/cljs" "src/cljc" "env/dev/cljs"]...
[32mSuccessfully compiled build :app to "target/cljsbuild/public/js/app.js" in 0.916 seconds.[0m
notifying browser that file changed:  target/cljsbuild/public/js/out/guestbook/core.js
Compiling build :app to "target/cljsbuild/public/js/app.js" from ["src/cljs" "src/cljc" "env/dev/cljs"]...
[32mSuccessfully compiled build :app to "target/cljsbuild/public/js/app.js" in 0.937 seconds.[0m
notifying browser that file changed:  target/cljsbuild/public/js/out/guestbook/core.js
Compiling build :app to "target/cljsbuild/public/js/app.js" from ["src/cljs" "src/cljc" "env/dev/cljs"]...
[32mSuccessfully compiled build :app to "target/cljsbuild/public/js/app.js" in 0.875 seconds.[0m
notifying browser that file changed:  target/cljsbuild/public/js/out/guestbook/core.js
Compiling build :app to "target/cljsbuild/public/js/app.js" from ["src/cljs" "src/cljc" "env/dev/cljs"]...
[32mSuccessfully compiled build :app to "target/cljsbuild/public/js/app.js" in 1.059 seconds.[0m
notifying browser that file changed:  target/cljsbuild/public/js/out/cljs_deps.js
notifying browser that file changed:  target/cljsbuild/public/js/out/guestbook/core.js
Compiling build :app to "target/cljsbuild/public/js/app.js" from ["src/cljs" "src/cljc" "env/dev/cljs"]...
[32mSuccessfully compiled build :app to "target/cljsbuild/public/js/app.js" in 0.916 seconds.[0m
notifying browser that file changed:  target/cljsbuild/public/js/out/guestbook/core.js
Compiling build :app to "target/cljsbuild/public/js/app.js" from ["src/cljs" "src/cljc" "env/dev/cljs"]...
[32mSuccessfully compiled build :app to "target/cljsbuild/public/js/app.js" in 3.347 seconds.[0m
notifying browser that file changed:  target/cljsbuild/public/js/out/goog/deps.js
notifying browser that file changed:  target/cljsbuild/public/js/out/cljs_deps.js
notifying browser that file changed:  target/cljsbuild/public/js/out/guestbook/core.js
Compiling build :app to "target/cljsbuild/public/js/app.js" from ["src/cljs" "src/cljc" "env/dev/cljs"]...
[32mSuccessfully compiled build :app to "target/cljsbuild/public/js/app.js" in 1.44 seconds.[0m
notifying browser that file changed:  target/cljsbuild/public/js/out/guestbook/core.js
Compiling build :app to "target/cljsbuild/public/js/app.js" from ["src/cljs" "src/cljc" "env/dev/cljs"]...
[32mSuccessfully compiled build :app to "target/cljsbuild/public/js/app.js" in 0.988 seconds.[0m
notifying browser that file changed:  target/cljsbuild/public/js/out/guestbook/core.js
Compiling build :app to "target/cljsbuild/public/js/app.js" from ["src/cljs" "src/cljc" "env/dev/cljs"]...
[32mSuccessfully compiled build :app to "target/cljsbuild/public/js/app.js" in 1.046 seconds.[0m
notifying browser that file changed:  target/cljsbuild/public/js/out/guestbook/core.js
Compiling build :app to "target/cljsbuild/public/js/app.js" from ["src/cljs" "src/cljc" "env/dev/cljs"]...
[36m----  Compiler Warning on   src/cljs/guestbook/core.cljs   line:71  column:14  ----[0m

  [1mUse of undeclared Var guestbook.core/upper[0m

  [36m67[0m  [36m(get-messages messages)[0m
  [36m68[0m  [36m(fn [][0m
  [36m69[0m  [36m  [:div.content[0m
  [36m70[0m  [36m    [:h2 "Shout!"][0m
  [33m71[0m  [1m    [:p (upper "your personal shoutbox")][0m
  [0m  [0m  [33m         ^--- Use of undeclared Var guestbook.core/upper[0m
  [36m72[0m  [36m    [:div.row[0m
  [36m73[0m  [36m      [:div.span6[0m
  [36m74[0m  [36m        [message-form messages]]][0m
  [36m75[0m  [36m    [:div.row[0m
  [36m76[0m  [36m      [:div.span6[0m

[36m----  Compiler Warning : Please see src/cljs/guestbook/core.cljs  ----[0m
[32mSuccessfully compiled build :app to "target/cljsbuild/public/js/app.js" in 1.075 seconds.[0m
notifying browser that file changed:  target/cljsbuild/public/js/out/guestbook/core.js
Compiling build :app to "target/cljsbuild/public/js/app.js" from ["src/cljs" "src/cljc" "env/dev/cljs"]...
[36m----  Compiler Warning on   src/cljs/guestbook/core.cljs   line:71  column:14  ----[0m

  [1mUse of undeclared Var clojure.string/upper[0m

  [36m67[0m  [36m(get-messages messages)[0m
  [36m68[0m  [36m(fn [][0m
  [36m69[0m  [36m  [:div.content[0m
  [36m70[0m  [36m    [:h2 "Shout!"][0m
  [33m71[0m  [1m    [:p (clojure.string/upper "your personal shoutbox")][0m
  [0m  [0m  [33m         ^--- Use of undeclared Var clojure.string/upper[0m
  [36m72[0m  [36m    [:div.row[0m
  [36m73[0m  [36m      [:div.span6[0m
  [36m74[0m  [36m        [message-form messages]]][0m
  [36m75[0m  [36m    [:div.row[0m
  [36m76[0m  [36m      [:div.span6[0m

[36m----  Compiler Warning : Please see src/cljs/guestbook/core.cljs  ----[0m
[32mSuccessfully compiled build :app to "target/cljsbuild/public/js/app.js" in 0.917 seconds.[0m
notifying browser that file changed:  target/cljsbuild/public/js/out/guestbook/core.js
Compiling build :app to "target/cljsbuild/public/js/app.js" from ["src/cljs" "src/cljc" "env/dev/cljs"]...
[36m----  Compiler Warning on   src/cljs/guestbook/core.cljs   line:71  column:14  ----[0m

  [1mUse of undeclared Var clojure.string/upcase[0m

  [36m67[0m  [36m(get-messages messages)[0m
  [36m68[0m  [36m(fn [][0m
  [36m69[0m  [36m  [:div.content[0m
  [36m70[0m  [36m    [:h2 "Shout!"][0m
  [33m71[0m  [1m    [:p (clojure.string/upcase "your personal shoutbox")][0m
  [0m  [0m  [33m         ^--- Use of undeclared Var clojure.string/upcase[0m
  [36m72[0m  [36m    [:div.row[0m
  [36m73[0m  [36m      [:div.span6[0m
  [36m74[0m  [36m        [message-form messages]]][0m
  [36m75[0m  [36m    [:div.row[0m
  [36m76[0m  [36m      [:div.span6[0m

[36m----  Compiler Warning : Please see src/cljs/guestbook/core.cljs  ----[0m
[32mSuccessfully compiled build :app to "target/cljsbuild/public/js/app.js" in 0.859 seconds.[0m
notifying browser that file changed:  target/cljsbuild/public/js/out/guestbook/core.js
Compiling build :app to "target/cljsbuild/public/js/app.js" from ["src/cljs" "src/cljc" "env/dev/cljs"]...
[32mSuccessfully compiled build :app to "target/cljsbuild/public/js/app.js" in 0.854 seconds.[0m
notifying browser that file changed:  target/cljsbuild/public/js/out/guestbook/core.js
Compiling build :app to "target/cljsbuild/public/js/app.js" from ["src/cljs" "src/cljc" "env/dev/cljs"]...
[32mSuccessfully compiled build :app to "target/cljsbuild/public/js/app.js" in 1.015 seconds.[0m
notifying browser that file changed:  target/cljsbuild/public/js/out/guestbook/core.js
Compiling build :app to "target/cljsbuild/public/js/app.js" from ["src/cljs" "src/cljc" "env/dev/cljs"]...
[32mSuccessfully compiled build :app to "target/cljsbuild/public/js/app.js" in 0.903 seconds.[0m
notifying browser that file changed:  target/cljsbuild/public/js/out/guestbook/core.js
Compiling build :app to "target/cljsbuild/public/js/app.js" from ["src/cljs" "src/cljc" "env/dev/cljs"]...
[32mSuccessfully compiled build :app to "target/cljsbuild/public/js/app.js" in 0.895 seconds.[0m
notifying browser that file changed:  target/cljsbuild/public/js/out/guestbook/core.js
Compiling build :app to "target/cljsbuild/public/js/app.js" from ["src/cljs" "src/cljc" "env/dev/cljs"]...
[32mSuccessfully compiled build :app to "target/cljsbuild/public/js/app.js" in 0.969 seconds.[0m
notifying browser that file changed:  target/cljsbuild/public/js/out/guestbook/core.js
Compiling build :app to "target/cljsbuild/public/js/app.js" from ["src/cljs" "src/cljc" "env/dev/cljs"]...
[32mSuccessfully compiled build :app to "target/cljsbuild/public/js/app.js" in 0.982 seconds.[0m
notifying browser that file changed:  target/cljsbuild/public/js/out/guestbook/core.js
Compiling build :app to "target/cljsbuild/public/js/app.js" from ["src/cljs" "src/cljc" "env/dev/cljs"]...
[32mSuccessfully compiled build :app to "target/cljsbuild/public/js/app.js" in 1.284 seconds.[0m
notifying browser that file changed:  target/cljsbuild/public/js/out/goog/deps.js
notifying browser that file changed:  target/cljsbuild/public/js/out/cljs_deps.js
notifying browser that file changed:  target/cljsbuild/public/js/out/guestbook/core.js
Compiling build :app to "target/cljsbuild/public/js/app.js" from ["src/cljs" "src/cljc" "env/dev/cljs"]...
[32mSuccessfully compiled build :app to "target/cljsbuild/public/js/app.js" in 1.245 seconds.[0m
notifying browser that file changed:  target/cljsbuild/public/js/out/guestbook/core.js
Compiling build :app to "target/cljsbuild/public/js/app.js" from ["src/cljs" "src/cljc" "env/dev/cljs"]...
[32mSuccessfully compiled build :app to "target/cljsbuild/public/js/app.js" in 1.008 seconds.[0m
notifying browser that file changed:  target/cljsbuild/public/js/out/guestbook/core.js
Compiling build :app to "target/cljsbuild/public/js/app.js" from ["src/cljs" "src/cljc" "env/dev/cljs"]...
[32mSuccessfully compiled build :app to "target/cljsbuild/public/js/app.js" in 0.913 seconds.[0m
notifying browser that file changed:  target/cljsbuild/public/js/out/guestbook/core.js
Compiling build :app to "target/cljsbuild/public/js/app.js" from ["src/cljs" "src/cljc" "env/dev/cljs"]...
[32mSuccessfully compiled build :app to "target/cljsbuild/public/js/app.js" in 1.024 seconds.[0m
notifying browser that file changed:  target/cljsbuild/public/js/out/guestbook/core.js
Compiling build :app to "target/cljsbuild/public/js/app.js" from ["src/cljs" "src/cljc" "env/dev/cljs"]...
[32mSuccessfully compiled build :app to "target/cljsbuild/public/js/app.js" in 0.891 seconds.[0m
notifying browser that file changed:  target/cljsbuild/public/js/out/guestbook/core.js
Compiling build :app to "target/cljsbuild/public/js/app.js" from ["src/cljs" "src/cljc" "env/dev/cljs"]...
[32mSuccessfully compiled build :app to "target/cljsbuild/public/js/app.js" in 0.881 seconds.[0m
notifying browser that file changed:  target/cljsbuild/public/js/out/guestbook/core.js
Compiling build :app to "target/cljsbuild/public/js/app.js" from ["src/cljs" "src/cljc" "env/dev/cljs"]...
[32mSuccessfully compiled build :app to "target/cljsbuild/public/js/app.js" in 0.889 seconds.[0m
notifying browser that file changed:  target/cljsbuild/public/js/out/guestbook/core.js
Compiling build :app to "target/cljsbuild/public/js/app.js" from ["src/cljs" "src/cljc" "env/dev/cljs"]...
[32mSuccessfully compiled build :app to "target/cljsbuild/public/js/app.js" in 0.873 seconds.[0m
notifying browser that file changed:  target/cljsbuild/public/js/out/guestbook/core.js
Compiling build :app to "target/cljsbuild/public/js/app.js" from ["src/cljs" "src/cljc" "env/dev/cljs"]...
[32mSuccessfully compiled build :app to "target/cljsbuild/public/js/app.js" in 1.065 seconds.[0m
notifying browser that file changed:  target/cljsbuild/public/js/out/guestbook/core.js
Compiling build :app to "target/cljsbuild/public/js/app.js" from ["src/cljs" "src/cljc" "env/dev/cljs"]...
[32mSuccessfully compiled build :app to "target/cljsbuild/public/js/app.js" in 0.974 seconds.[0m
notifying browser that file changed:  target/cljsbuild/public/js/out/guestbook/core.js
Compiling build :app to "target/cljsbuild/public/js/app.js" from ["src/cljs" "src/cljc" "env/dev/cljs"]...
[32mSuccessfully compiled build :app to "target/cljsbuild/public/js/app.js" in 0.925 seconds.[0m
notifying browser that file changed:  target/cljsbuild/public/js/out/guestbook/core.js
Compiling build :app to "target/cljsbuild/public/js/app.js" from ["src/cljs" "src/cljc" "env/dev/cljs"]...
[32mSuccessfully compiled build :app to "target/cljsbuild/public/js/app.js" in 0.769 seconds.[0m
notifying browser that file changed:  target/cljsbuild/public/js/out/guestbook/core.js
Compiling build :app to "target/cljsbuild/public/js/app.js" from ["src/cljs" "src/cljc" "env/dev/cljs"]...
[32mSuccessfully compiled build :app to "target/cljsbuild/public/js/app.js" in 0.852 seconds.[0m
notifying browser that file changed:  target/cljsbuild/public/js/out/guestbook/core.js
Compiling build :app to "target/cljsbuild/public/js/app.js" from ["src/cljs" "src/cljc" "env/dev/cljs"]...
[32mSuccessfully compiled build :app to "target/cljsbuild/public/js/app.js" in 0.787 seconds.[0m
notifying browser that file changed:  target/cljsbuild/public/js/out/guestbook/core.js
Compiling build :app to "target/cljsbuild/public/js/app.js" from ["src/cljs" "src/cljc" "env/dev/cljs"]...
[32mSuccessfully compiled build :app to "target/cljsbuild/public/js/app.js" in 0.828 seconds.[0m
notifying browser that file changed:  target/cljsbuild/public/js/out/guestbook/core.js
Compiling build :app to "target/cljsbuild/public/js/app.js" from ["src/cljs" "src/cljc" "env/dev/cljs"]...
[32mSuccessfully compiled build :app to "target/cljsbuild/public/js/app.js" in 0.858 seconds.[0m
notifying browser that file changed:  target/cljsbuild/public/js/out/guestbook/core.js
Compiling build :app to "target/cljsbuild/public/js/app.js" from ["src/cljs" "src/cljc" "env/dev/cljs"]...
[32mSuccessfully compiled build :app to "target/cljsbuild/public/js/app.js" in 1.001 seconds.[0m
notifying browser that file changed:  target/cljsbuild/public/js/out/guestbook/core.js
Notifying browser that CSS file changed: resources/public/css/screen.css
Notifying browser that CSS file changed: resources/public/css/screen.css
Notifying browser that CSS file changed: resources/public/css/screen.css
Notifying browser that CSS file changed: resources/public/css/screen.css
Notifying browser that CSS file changed: resources/public/css/screen.css
Notifying browser that CSS file changed: resources/public/css/screen.css
Notifying browser that CSS file changed: resources/public/css/screen.css
Notifying browser that CSS file changed: resources/public/css/screen.css
Notifying browser that CSS file changed: resources/public/css/screen.css
Notifying browser that CSS file changed: resources/public/css/screen.css
Notifying browser that CSS file changed: resources/public/css/screen.css
Compiling build :app to "target/cljsbuild/public/js/app.js" from ["src/cljs" "src/cljc" "env/dev/cljs"]...
[32mSuccessfully compiled build :app to "target/cljsbuild/public/js/app.js" in 0.949 seconds.[0m
notifying browser that file changed:  target/cljsbuild/public/js/out/guestbook/core.js
Compiling build :app to "target/cljsbuild/public/js/app.js" from ["src/cljs" "src/cljc" "env/dev/cljs"]...
[32mSuccessfully compiled build :app to "target/cljsbuild/public/js/app.js" in 1.951 seconds.[0m
notifying browser that file changed:  target/cljsbuild/public/js/out/guestbook/core.js
Compiling build :app to "target/cljsbuild/public/js/app.js" from ["src/cljs" "src/cljc" "env/dev/cljs"]...
[32mSuccessfully compiled build :app to "target/cljsbuild/public/js/app.js" in 1.122 seconds.[0m
notifying browser that file changed:  target/cljsbuild/public/js/out/guestbook/core.js
Compiling build :app to "target/cljsbuild/public/js/app.js" from ["src/cljs" "src/cljc" "env/dev/cljs"]...
[32mSuccessfully compiled build :app to "target/cljsbuild/public/js/app.js" in 0.861 seconds.[0m
notifying browser that file changed:  target/cljsbuild/public/js/out/guestbook/core.js
Compiling build :app to "target/cljsbuild/public/js/app.js" from ["src/cljs" "src/cljc" "env/dev/cljs"]...
[32mSuccessfully compiled build :app to "target/cljsbuild/public/js/app.js" in 2.097 seconds.[0m
notifying browser that file changed:  target/cljsbuild/public/js/out/goog/deps.js
notifying browser that file changed:  target/cljsbuild/public/js/out/cljs_deps.js
notifying browser that file changed:  target/cljsbuild/public/js/out/guestbook/core.js
Compiling build :app to "target/cljsbuild/public/js/app.js" from ["src/cljs" "src/cljc" "env/dev/cljs"]...
[32mSuccessfully compiled build :app to "target/cljsbuild/public/js/app.js" in 1.077 seconds.[0m
notifying browser that file changed:  target/cljsbuild/public/js/out/guestbook/core.js
Compiling build :app to "target/cljsbuild/public/js/app.js" from ["src/cljs" "src/cljc" "env/dev/cljs"]...
[32mSuccessfully compiled build :app to "target/cljsbuild/public/js/app.js" in 1.009 seconds.[0m
notifying browser that file changed:  target/cljsbuild/public/js/out/guestbook/core.js
Compiling build :app to "target/cljsbuild/public/js/app.js" from ["src/cljs" "src/cljc" "env/dev/cljs"]...
[32mSuccessfully compiled build :app to "target/cljsbuild/public/js/app.js" in 0.947 seconds.[0m
notifying browser that file changed:  target/cljsbuild/public/js/out/guestbook/core.js
Compiling build :app to "target/cljsbuild/public/js/app.js" from ["src/cljs" "src/cljc" "env/dev/cljs"]...
[32mSuccessfully compiled build :app to "target/cljsbuild/public/js/app.js" in 0.877 seconds.[0m
notifying browser that file changed:  target/cljsbuild/public/js/out/guestbook/core.js
Compiling build :app to "target/cljsbuild/public/js/app.js" from ["src/cljs" "src/cljc" "env/dev/cljs"]...
[32mSuccessfully compiled build :app to "target/cljsbuild/public/js/app.js" in 1.029 seconds.[0m
notifying browser that file changed:  target/cljsbuild/public/js/out/guestbook/core.js
Compiling build :app to "target/cljsbuild/public/js/app.js" from ["src/cljs" "src/cljc" "env/dev/cljs"]...
[32mSuccessfully compiled build :app to "target/cljsbuild/public/js/app.js" in 0.993 seconds.[0m
notifying browser that file changed:  target/cljsbuild/public/js/out/guestbook/core.js
Compiling build :app to "target/cljsbuild/public/js/app.js" from ["src/cljs" "src/cljc" "env/dev/cljs"]...
[32mSuccessfully compiled build :app to "target/cljsbuild/public/js/app.js" in 1.003 seconds.[0m
notifying browser that file changed:  target/cljsbuild/public/js/out/guestbook/core.js
Compiling build :app to "target/cljsbuild/public/js/app.js" from ["src/cljs" "src/cljc" "env/dev/cljs"]...
[32mSuccessfully compiled build :app to "target/cljsbuild/public/js/app.js" in 0.953 seconds.[0m
notifying browser that file changed:  target/cljsbuild/public/js/out/guestbook/core.js
Compiling build :app to "target/cljsbuild/public/js/app.js" from ["src/cljs" "src/cljc" "env/dev/cljs"]...
[32mSuccessfully compiled build :app to "target/cljsbuild/public/js/app.js" in 0.962 seconds.[0m
notifying browser that file changed:  target/cljsbuild/public/js/out/guestbook/core.js
Compiling build :app to "target/cljsbuild/public/js/app.js" from ["src/cljs" "src/cljc" "env/dev/cljs"]...
[32mSuccessfully compiled build :app to "target/cljsbuild/public/js/app.js" in 0.991 seconds.[0m
notifying browser that file changed:  target/cljsbuild/public/js/out/guestbook/core.js
Notifying browser that CSS file changed: resources/public/css/screen.css
Compiling build :app to "target/cljsbuild/public/js/app.js" from ["src/cljs" "src/cljc" "env/dev/cljs"]...
[32mSuccessfully compiled build :app to "target/cljsbuild/public/js/app.js" in 0.95 seconds.[0m
notifying browser that file changed:  target/cljsbuild/public/js/out/guestbook/core.js
Compiling build :app to "target/cljsbuild/public/js/app.js" from ["src/cljs" "src/cljc" "env/dev/cljs"]...
[32mSuccessfully compiled build :app to "target/cljsbuild/public/js/app.js" in 1.011 seconds.[0m
notifying browser that file changed:  target/cljsbuild/public/js/out/guestbook/core.js
Compiling build :app to "target/cljsbuild/public/js/app.js" from ["src/cljs" "src/cljc" "env/dev/cljs"]...
[32mSuccessfully compiled build :app to "target/cljsbuild/public/js/app.js" in 0.975 seconds.[0m
notifying browser that file changed:  target/cljsbuild/public/js/out/guestbook/core.js
Compiling build :app to "target/cljsbuild/public/js/app.js" from ["src/cljs" "src/cljc" "env/dev/cljs"]...
[32mSuccessfully compiled build :app to "target/cljsbuild/public/js/app.js" in 0.982 seconds.[0m
notifying browser that file changed:  target/cljsbuild/public/js/out/guestbook/core.js
Compiling build :app to "target/cljsbuild/public/js/app.js" from ["src/cljs" "src/cljc" "env/dev/cljs"]...
[32mSuccessfully compiled build :app to "target/cljsbuild/public/js/app.js" in 0.974 seconds.[0m
notifying browser that file changed:  target/cljsbuild/public/js/out/guestbook/core.js
Compiling build :app to "target/cljsbuild/public/js/app.js" from ["src/cljs" "src/cljc" "env/dev/cljs"]...
[32mSuccessfully compiled build :app to "target/cljsbuild/public/js/app.js" in 0.975 seconds.[0m
notifying browser that file changed:  target/cljsbuild/public/js/out/guestbook/core.js
Compiling build :app to "target/cljsbuild/public/js/app.js" from ["src/cljs" "src/cljc" "env/dev/cljs"]...
[32mSuccessfully compiled build :app to "target/cljsbuild/public/js/app.js" in 0.912 seconds.[0m
notifying browser that file changed:  target/cljsbuild/public/js/out/guestbook/core.js
Compiling build :app to "target/cljsbuild/public/js/app.js" from ["src/cljs" "src/cljc" "env/dev/cljs"]...
[32mSuccessfully compiled build :app to "target/cljsbuild/public/js/app.js" in 0.981 seconds.[0m
notifying browser that file changed:  target/cljsbuild/public/js/out/guestbook/core.js
Compiling build :app to "target/cljsbuild/public/js/app.js" from ["src/cljs" "src/cljc" "env/dev/cljs"]...
[32mSuccessfully compiled build :app to "target/cljsbuild/public/js/app.js" in 0.811 seconds.[0m
notifying browser that file changed:  target/cljsbuild/public/js/out/guestbook/core.js
Compiling build :app to "target/cljsbuild/public/js/app.js" from ["src/cljs" "src/cljc" "env/dev/cljs"]...
[32mSuccessfully compiled build :app to "target/cljsbuild/public/js/app.js" in 0.83 seconds.[0m
notifying browser that file changed:  target/cljsbuild/public/js/out/guestbook/core.js
Compiling build :app to "target/cljsbuild/public/js/app.js" from ["src/cljs" "src/cljc" "env/dev/cljs"]...
[32mSuccessfully compiled build :app to "target/cljsbuild/public/js/app.js" in 0.834 seconds.[0m
notifying browser that file changed:  target/cljsbuild/public/js/out/guestbook/core.js
Compiling build :app to "target/cljsbuild/public/js/app.js" from ["src/cljs" "src/cljc" "env/dev/cljs"]...
[32mSuccessfully compiled build :app to "target/cljsbuild/public/js/app.js" in 0.779 seconds.[0m
notifying browser that file changed:  target/cljsbuild/public/js/out/guestbook/core.js
Compiling build :app to "target/cljsbuild/public/js/app.js" from ["src/cljs" "src/cljc" "env/dev/cljs"]...
[32mSuccessfully compiled build :app to "target/cljsbuild/public/js/app.js" in 0.803 seconds.[0m
notifying browser that file changed:  target/cljsbuild/public/js/out/guestbook/core.js
Notifying browser that CSS file changed: resources/public/css/screen.css
Compiling build :app to "target/cljsbuild/public/js/app.js" from ["src/cljs" "src/cljc" "env/dev/cljs"]...
[32mSuccessfully compiled build :app to "target/cljsbuild/public/js/app.js" in 0.832 seconds.[0m
notifying browser that file changed:  target/cljsbuild/public/js/out/guestbook/core.js
Compiling build :app to "target/cljsbuild/public/js/app.js" from ["src/cljs" "src/cljc" "env/dev/cljs"]...
[32mSuccessfully compiled build :app to "target/cljsbuild/public/js/app.js" in 0.804 seconds.[0m
notifying browser that file changed:  target/cljsbuild/public/js/out/guestbook/core.js
Notifying browser that CSS file changed: resources/public/css/screen.css
Notifying browser that CSS file changed: resources/public/css/screen.css
Compiling build :app to "target/cljsbuild/public/js/app.js" from ["src/cljs" "src/cljc" "env/dev/cljs"]...
[32mSuccessfully compiled build :app to "target/cljsbuild/public/js/app.js" in 0.942 seconds.[0m
notifying browser that file changed:  target/cljsbuild/public/js/out/guestbook/core.js
Notifying browser that CSS file changed: resources/public/css/screen.css
Notifying browser that CSS file changed: resources/public/css/screen.css
Notifying browser that CSS file changed: resources/public/css/screen.css
Notifying browser that CSS file changed: resources/public/css/screen.css
Notifying browser that CSS file changed: resources/public/css/screen.css
Notifying browser that CSS file changed: resources/public/css/screen.css
Compiling build :app to "target/cljsbuild/public/js/app.js" from ["src/cljs" "src/cljc" "env/dev/cljs"]...
[32mSuccessfully compiled build :app to "target/cljsbuild/public/js/app.js" in 1.033 seconds.[0m
notifying browser that file changed:  target/cljsbuild/public/js/out/guestbook/core.js
Compiling build :app to "target/cljsbuild/public/js/app.js" from ["src/cljs" "src/cljc" "env/dev/cljs"]...
[32mSuccessfully compiled build :app to "target/cljsbuild/public/js/app.js" in 0.803 seconds.[0m
notifying browser that file changed:  target/cljsbuild/public/js/out/guestbook/core.js
Notifying browser that CSS file changed: resources/public/css/screen.css
Notifying browser that CSS file changed: resources/public/css/screen.css
Notifying browser that CSS file changed: resources/public/css/screen.css
Notifying browser that CSS file changed: resources/public/css/screen.css
Notifying browser that CSS file changed: resources/public/css/screen.css
Notifying browser that CSS file changed: resources/public/css/screen.css
Notifying browser that CSS file changed: resources/public/css/screen.css
Notifying browser that CSS file changed: resources/public/css/screen.css
Compiling build :app to "target/cljsbuild/public/js/app.js" from ["src/cljs" "src/cljc" "env/dev/cljs"]...
[32mSuccessfully compiled build :app to "target/cljsbuild/public/js/app.js" in 0.937 seconds.[0m
notifying browser that file changed:  target/cljsbuild/public/js/out/guestbook/core.js
Compiling build :app to "target/cljsbuild/public/js/app.js" from ["src/cljs" "src/cljc" "env/dev/cljs"]...
[32mSuccessfully compiled build :app to "target/cljsbuild/public/js/app.js" in 1.086 seconds.[0m
notifying browser that file changed:  target/cljsbuild/public/js/out/guestbook/core.js
